<?xml version="1.0" encoding="utf-8"?><testsuites name="pytest tests"><testsuite name="pytest" errors="0" failures="0" skipped="0" tests="24" time="30.725" timestamp="2026-04-24T11:02:25.409943+00:00" hostname="agent-env-46cf32bd-9e21-4aed-85d7-5a9d4ef820ae"><testcase classname="backend.tests.test_extended_formats.TestFlags" name="test_flags_include_new_keys" time="0.446" /><testcase classname="backend.tests.test_extended_formats.TestNewFormats" name="test_pptx_ingest" time="2.403" /><testcase classname="backend.tests.test_extended_formats.TestNewFormats" name="test_xlsx_ingest" time="2.511" /><testcase classname="backend.tests.test_extended_formats.TestNewFormats" name="test_csv_ingest" time="2.307" /><testcase classname="backend.tests.test_extended_formats.TestNewFormats" name="test_png_ocr_ingest" time="2.370" /><testcase classname="backend.tests.test_extended_formats.TestNewFormats" name="test_jpg_ocr_ingest" time="2.494" /><testcase classname="backend.tests.test_extended_formats.TestNewFormats" name="test_scanned_pdf_ocr_fallback" time="4.486" /><testcase classname="backend.tests.test_extended_formats.TestLegacyFormatsStillWork" name="test_txt" time="2.396" /><testcase classname="backend.tests.test_extended_formats.TestLegacyFormatsStillWork" name="test_md" time="2.383" /><testcase classname="backend.tests.test_extended_formats.TestLegacyFormatsStillWork" name="test_docx" time="2.509" /><testcase classname="backend.tests.test_extended_formats.TestRejections" name="test_unsupported_doc_rejected" time="0.130" /><testcase classname="backend.tests.test_extended_formats.TestRejections" name="test_viewer_cannot_ingest" time="0.427" /><testcase classname="backend.tests.test_extended_formats.TestRejections" name="test_google_slides_stub_disabled" time="0.112" /><testcase classname="backend.tests.test_extended_formats.TestRejections" name="test_google_slides_requires_editor" time="0.095" /><testcase classname="backend.tests.test_extended_formats.TestExistingEndpointsRegression" name="test_providers" time="0.101" /><testcase classname="backend.tests.test_extended_formats.TestExistingEndpointsRegression" name="test_sessions_list" time="0.107" /><testcase classname="backend.tests.test_extended_formats.TestExistingEndpointsRegression" name="test_share_links_list" time="0.111" /><testcase classname="backend.tests.test_extended_formats.TestExistingEndpointsRegression" name="test_admin_users" time="0.097" /><testcase classname="backend.tests.test_extended_formats.TestExistingEndpointsRegression" name="test_admin_audit_log" time="0.115" /><testcase classname="backend.tests.test_extended_formats.TestExistingEndpointsRegression" name="test_admin_analytics" time="0.107" /><testcase classname="backend.tests.test_extended_formats.TestExistingEndpointsRegression" name="test_auth_me" time="0.098" /><testcase classname="backend.tests.test_extended_formats.TestChatGrounding" name="test_pptx_grounded" time="1.406" /><testcase classname="backend.tests.test_extended_formats.TestChatGrounding" name="test_xlsx_grounded" time="1.995" /><testcase classname="backend.tests.test_extended_formats.TestChatGrounding" name="test_image_ocr_grounded" time="1.448" /></testsuite></testsuites>