<?xml version="1.0" encoding="utf-8"?><testsuites name="pytest tests"><testsuite name="pytest" errors="0" failures="0" skipped="0" tests="48" time="11.639" timestamp="2026-04-24T06:28:27.856907+00:00" hostname="agent-env-46cf32bd-9e21-4aed-85d7-5a9d4ef820ae"><testcase classname="backend.tests.backend_test.TestHealth" name="test_health" time="0.149" /><testcase classname="backend.tests.backend_test.TestAuth" name="test_register_duplicate" time="0.094" /><testcase classname="backend.tests.backend_test.TestAuth" name="test_register_new_is_viewer" time="0.327" /><testcase classname="backend.tests.backend_test.TestAuth" name="test_login_ok" time="0.337" /><testcase classname="backend.tests.backend_test.TestAuth" name="test_login_bad_creds" time="0.323" /><testcase classname="backend.tests.backend_test.TestAuth" name="test_refresh_ok" time="0.096" /><testcase classname="backend.tests.backend_test.TestAuth" name="test_refresh_invalid" time="0.097" /><testcase classname="backend.tests.backend_test.TestAuth" name="test_me_ok" time="0.107" /><testcase classname="backend.tests.backend_test.TestAuth" name="test_me_missing_token" time="0.099" /><testcase classname="backend.tests.backend_test.TestAuth" name="test_me_invalid_token" time="0.093" /><testcase classname="backend.tests.backend_test.TestRBAC" name="test_viewer_cannot_upload" time="0.425" /><testcase classname="backend.tests.backend_test.TestRBAC" name="test_viewer_cannot_create_share_link" time="0.097" /><testcase classname="backend.tests.backend_test.TestRBAC" name="test_viewer_cannot_access_admin" time="0.288" /><testcase classname="backend.tests.backend_test.TestDocuments" name="test_upload_txt_owner" time="0.189" /><testcase classname="backend.tests.backend_test.TestDocuments" name="test_upload_txt_editor" time="0.839" /><testcase classname="backend.tests.backend_test.TestDocuments" name="test_processing_status_owner_sees" time="3.137" /><testcase classname="backend.tests.backend_test.TestDocuments" name="test_unsupported_file_type" time="0.092" /><testcase classname="backend.tests.backend_test.TestDocuments" name="test_list_scope_non_owner" time="0.206" /><testcase classname="backend.tests.backend_test.TestDocuments" name="test_get_doc_403_for_non_owner" time="0.096" /><testcase classname="backend.tests.backend_test.TestDocuments" name="test_get_doc_404" time="0.095" /><testcase classname="backend.tests.backend_test.TestShareLinks" name="test_create_public_link" time="0.302" /><testcase classname="backend.tests.backend_test.TestShareLinks" name="test_create_password_link" time="0.319" /><testcase classname="backend.tests.backend_test.TestShareLinks" name="test_create_password_link_requires_password" time="0.104" /><testcase classname="backend.tests.backend_test.TestShareLinks" name="test_create_expiring_link" time="0.107" /><testcase classname="backend.tests.backend_test.TestShareLinks" name="test_create_fails_for_unowned_doc" time="0.098" /><testcase classname="backend.tests.backend_test.TestShareLinks" name="test_list_share_links_owner" time="0.098" /><testcase classname="backend.tests.backend_test.TestShareLinks" name="test_info_public_no_auth" time="0.101" /><testcase classname="backend.tests.backend_test.TestShareLinks" name="test_info_password_no_auth" time="0.101" /><testcase classname="backend.tests.backend_test.TestShareLinks" name="test_verify_public_returns_scoped_guest_token" time="0.108" /><testcase classname="backend.tests.backend_test.TestShareLinks" name="test_verify_password_wrong" time="0.324" /><testcase classname="backend.tests.backend_test.TestShareLinks" name="test_verify_password_ok" time="0.334" /><testcase classname="backend.tests.backend_test.TestShareLinks" name="test_single_use_link_second_open_410" time="0.198" /><testcase classname="backend.tests.backend_test.TestShareLinks" name="test_chat_with_forged_guest_token_fails" time="0.097" /><testcase classname="backend.tests.backend_test.TestShareLinks" name="test_revoke_then_info_404" time="0.227" /><testcase classname="backend.tests.backend_test.TestDeleteDocument" name="test_delete_doc_403_for_non_owner" time="0.102" /><testcase classname="backend.tests.backend_test.TestDeleteDocument" name="test_delete_doc_404_missing" time="0.112" /><testcase classname="backend.tests.backend_test.TestDeleteDocument" name="test_delete_doc_ok" time="0.206" /><testcase classname="backend.tests.backend_test.TestSessions" name="test_list_empty" time="0.236" /><testcase classname="backend.tests.backend_test.TestSessions" name="test_messages_404" time="0.114" /><testcase classname="backend.tests.backend_test.TestSessions" name="test_rename_404" time="0.102" /><testcase classname="backend.tests.backend_test.TestSessions" name="test_delete_404" time="0.092" /><testcase classname="backend.tests.backend_test.TestFlags" name="test_flags_requires_auth" time="0.104" /><testcase classname="backend.tests.backend_test.TestFlags" name="test_flags_returns_dict" time="0.103" /><testcase classname="backend.tests.backend_test.TestAdmin" name="test_analytics" time="0.111" /><testcase classname="backend.tests.backend_test.TestAdmin" name="test_audit_log" time="0.101" /><testcase classname="backend.tests.backend_test.TestAdmin" name="test_users_list_no_password_hash" time="0.113" /><testcase classname="backend.tests.backend_test.TestAdmin" name="test_update_user_invalid_role" time="0.105" /><testcase classname="backend.tests.backend_test.TestAdmin" name="test_update_user_valid_role" time="0.198" /></testsuite></testsuites>