<?xml version="1.0" encoding="utf-8"?><testsuites name="pytest tests"><testsuite name="pytest" errors="0" failures="0" skipped="0" tests="72" time="74.009" timestamp="2026-04-24T11:03:27.981276+00:00" hostname="agent-env-46cf32bd-9e21-4aed-85d7-5a9d4ef820ae"><testcase classname="backend.tests.backend_test.TestHealth" name="test_health" time="10.279" /><testcase classname="backend.tests.backend_test.TestAuth" name="test_register_duplicate" time="15.155" /><testcase classname="backend.tests.backend_test.TestAuth" name="test_register_new_is_viewer" time="5.490" /><testcase classname="backend.tests.backend_test.TestAuth" name="test_login_ok" time="0.388" /><testcase classname="backend.tests.backend_test.TestAuth" name="test_login_bad_creds" time="0.332" /><testcase classname="backend.tests.backend_test.TestAuth" name="test_refresh_ok" time="0.107" /><testcase classname="backend.tests.backend_test.TestAuth" name="test_refresh_invalid" time="0.115" /><testcase classname="backend.tests.backend_test.TestAuth" name="test_me_ok" time="0.117" /><testcase classname="backend.tests.backend_test.TestAuth" name="test_me_missing_token" time="0.112" /><testcase classname="backend.tests.backend_test.TestAuth" name="test_me_invalid_token" time="0.114" /><testcase classname="backend.tests.backend_test.TestRBAC" name="test_viewer_cannot_upload" time="0.445" /><testcase classname="backend.tests.backend_test.TestRBAC" name="test_viewer_cannot_create_share_link" time="0.107" /><testcase classname="backend.tests.backend_test.TestRBAC" name="test_viewer_cannot_access_admin" time="0.332" /><testcase classname="backend.tests.backend_test.TestDocuments" name="test_upload_txt_owner" time="0.456" /><testcase classname="backend.tests.backend_test.TestDocuments" name="test_upload_txt_editor" time="0.908" /><testcase classname="backend.tests.backend_test.TestDocuments" name="test_processing_status_owner_sees" time="3.120" /><testcase classname="backend.tests.backend_test.TestDocuments" name="test_unsupported_file_type" time="0.121" /><testcase classname="backend.tests.backend_test.TestDocuments" name="test_list_scope_non_owner" time="0.215" /><testcase classname="backend.tests.backend_test.TestDocuments" name="test_get_doc_403_for_non_owner" time="0.099" /><testcase classname="backend.tests.backend_test.TestDocuments" name="test_get_doc_404" time="0.102" /><testcase classname="backend.tests.backend_test.TestShareLinks" name="test_create_public_link" time="0.449" /><testcase classname="backend.tests.backend_test.TestShareLinks" name="test_create_password_link" time="0.417" /><testcase classname="backend.tests.backend_test.TestShareLinks" name="test_create_password_link_requires_password" time="0.102" /><testcase classname="backend.tests.backend_test.TestShareLinks" name="test_create_expiring_link" time="0.106" /><testcase classname="backend.tests.backend_test.TestShareLinks" name="test_create_fails_for_unowned_doc" time="0.103" /><testcase classname="backend.tests.backend_test.TestShareLinks" name="test_list_share_links_owner" time="0.105" /><testcase classname="backend.tests.backend_test.TestShareLinks" name="test_info_public_no_auth" time="0.109" /><testcase classname="backend.tests.backend_test.TestShareLinks" name="test_info_password_no_auth" time="0.107" /><testcase classname="backend.tests.backend_test.TestShareLinks" name="test_verify_public_returns_scoped_guest_token" time="0.112" /><testcase classname="backend.tests.backend_test.TestShareLinks" name="test_verify_password_wrong" time="0.326" /><testcase classname="backend.tests.backend_test.TestShareLinks" name="test_verify_password_ok" time="0.326" /><testcase classname="backend.tests.backend_test.TestShareLinks" name="test_single_use_link_second_open_410" time="0.231" /><testcase classname="backend.tests.backend_test.TestShareLinks" name="test_chat_with_forged_guest_token_fails" time="0.110" /><testcase classname="backend.tests.backend_test.TestShareLinks" name="test_revoke_then_info_404" time="0.219" /><testcase classname="backend.tests.backend_test.TestDeleteDocument" name="test_delete_doc_403_for_non_owner" time="0.102" /><testcase classname="backend.tests.backend_test.TestDeleteDocument" name="test_delete_doc_404_missing" time="0.105" /><testcase classname="backend.tests.backend_test.TestDeleteDocument" name="test_delete_doc_ok" time="0.237" /><testcase classname="backend.tests.backend_test.TestSessions" name="test_list_empty" time="0.099" /><testcase classname="backend.tests.backend_test.TestSessions" name="test_messages_404" time="0.103" /><testcase classname="backend.tests.backend_test.TestSessions" name="test_rename_404" time="0.114" /><testcase classname="backend.tests.backend_test.TestSessions" name="test_delete_404" time="0.111" /><testcase classname="backend.tests.backend_test.TestFlags" name="test_flags_requires_auth" time="0.110" /><testcase classname="backend.tests.backend_test.TestFlags" name="test_flags_returns_dict" time="0.103" /><testcase classname="backend.tests.backend_test.TestAdmin" name="test_analytics" time="0.104" /><testcase classname="backend.tests.backend_test.TestAdmin" name="test_audit_log" time="0.108" /><testcase classname="backend.tests.backend_test.TestAdmin" name="test_users_list_no_password_hash" time="0.107" /><testcase classname="backend.tests.backend_test.TestAdmin" name="test_update_user_invalid_role" time="0.100" /><testcase classname="backend.tests.backend_test.TestAdmin" name="test_update_user_valid_role" time="0.239" /><testcase classname="backend.tests.test_extended_formats.TestFlags" name="test_flags_include_new_keys" time="0.432" /><testcase classname="backend.tests.test_extended_formats.TestNewFormats" name="test_pptx_ingest" time="2.519" /><testcase classname="backend.tests.test_extended_formats.TestNewFormats" name="test_xlsx_ingest" time="2.536" /><testcase classname="backend.tests.test_extended_formats.TestNewFormats" name="test_csv_ingest" time="2.367" /><testcase classname="backend.tests.test_extended_formats.TestNewFormats" name="test_png_ocr_ingest" time="2.336" /><testcase classname="backend.tests.test_extended_formats.TestNewFormats" name="test_jpg_ocr_ingest" time="2.420" /><testcase classname="backend.tests.test_extended_formats.TestNewFormats" name="test_scanned_pdf_ocr_fallback" time="4.532" /><testcase classname="backend.tests.test_extended_formats.TestLegacyFormatsStillWork" name="test_txt" time="2.379" /><testcase classname="backend.tests.test_extended_formats.TestLegacyFormatsStillWork" name="test_md" time="2.339" /><testcase classname="backend.tests.test_extended_formats.TestLegacyFormatsStillWork" name="test_docx" time="2.448" /><testcase classname="backend.tests.test_extended_formats.TestRejections" name="test_unsupported_doc_rejected" time="0.107" /><testcase classname="backend.tests.test_extended_formats.TestRejections" name="test_viewer_cannot_ingest" time="0.444" /><testcase classname="backend.tests.test_extended_formats.TestRejections" name="test_google_slides_stub_disabled" time="0.123" /><testcase classname="backend.tests.test_extended_formats.TestRejections" name="test_google_slides_requires_editor" time="0.124" /><testcase classname="backend.tests.test_extended_formats.TestExistingEndpointsRegression" name="test_providers" time="0.110" /><testcase classname="backend.tests.test_extended_formats.TestExistingEndpointsRegression" name="test_sessions_list" time="0.114" /><testcase classname="backend.tests.test_extended_formats.TestExistingEndpointsRegression" name="test_share_links_list" time="0.113" /><testcase classname="backend.tests.test_extended_formats.TestExistingEndpointsRegression" name="test_admin_users" time="0.110" /><testcase classname="backend.tests.test_extended_formats.TestExistingEndpointsRegression" name="test_admin_audit_log" time="0.116" /><testcase classname="backend.tests.test_extended_formats.TestExistingEndpointsRegression" name="test_admin_analytics" time="0.105" /><testcase classname="backend.tests.test_extended_formats.TestExistingEndpointsRegression" name="test_auth_me" time="0.109" /><testcase classname="backend.tests.test_extended_formats.TestChatGrounding" name="test_pptx_grounded" time="1.706" /><testcase classname="backend.tests.test_extended_formats.TestChatGrounding" name="test_xlsx_grounded" time="2.436" /><testcase classname="backend.tests.test_extended_formats.TestChatGrounding" name="test_image_ocr_grounded" time="1.153" /></testsuite></testsuites>