<?xml version="1.0" encoding="utf-8"?><testsuites name="pytest tests"><testsuite name="pytest" errors="0" failures="2" skipped="1" tests="22" time="23.771" timestamp="2026-05-05T12:34:15.381795+00:00" hostname="agent-env-03c7b852-82ce-432a-9cf7-b272c1238f70"><testcase classname="tests.test_new_features.TestRegressionEndpoints" name="test_login_owner" time="0.778" /><testcase classname="tests.test_new_features.TestRegressionEndpoints" name="test_v2_flags" time="0.740" /><testcase classname="tests.test_new_features.TestRegressionEndpoints" name="test_v2_providers" time="0.229" /><testcase classname="tests.test_new_features.TestRegressionEndpoints" name="test_documents_list" time="0.772" /><testcase classname="tests.test_new_features.TestRegressionEndpoints" name="test_widgets_list" time="0.243" /><testcase classname="tests.test_new_features.TestAdminFlags" name="test_list_flags_owner" time="0.208" /><testcase classname="tests.test_new_features.TestAdminFlags" name="test_list_flags_forbidden_for_viewer" time="0.212" /><testcase classname="tests.test_new_features.TestAdminFlags" name="test_list_flags_unauthenticated" time="0.276" /><testcase classname="tests.test_new_features.TestAdminFlags" name="test_patch_flag_owner_toggle" time="1.235" /><testcase classname="tests.test_new_features.TestAdminFlags" name="test_patch_invalid_flag_404" time="0.916" /><testcase classname="tests.test_new_features.TestAdminFlags" name="test_patch_flag_forbidden_for_viewer" time="0.164" /><testcase classname="tests.test_new_features.TestAdminFlags" name="test_reset_flags_owner" time="0.531"><failure message="assert True is False">tests/test_new_features.py:126: in test_reset_flags_owner
    assert r2.json()["flags"]["ENABLE_VISION_LLM_FOR_PDF_IMAGES"] is False
E   assert True is False</failure></testcase><testcase classname="tests.test_new_features.TestAdminFlags" name="test_reset_flags_forbidden_for_viewer" time="0.374" /><testcase classname="tests.test_new_features.TestUploadHardening" name="test_upload_oversize_rejected_413" time="6.933" /><testcase classname="tests.test_new_features.TestUploadHardening" name="test_upload_duplicate_rejected_409" time="1.387" /><testcase classname="tests.test_new_features.TestUploadHardening" name="test_reprocess_endpoint" time="3.838" /><testcase classname="tests.test_new_features.TestUploadHardening" name="test_reprocess_nonexistent_404" time="0.116" /><testcase classname="tests.test_new_features.TestUploadHardening" name="test_reprocess_forbidden_for_viewer" time="0.133" /><testcase classname="tests.test_new_features.TestRagQueryTruncation" name="test_long_query_does_not_error" time="3.232" /><testcase classname="tests.test_new_features.TestVisionFlagGating" name="test_flag_default_false" time="0.361"><failure message="AssertionError: assert True is False&#10; +  where True = &lt;built-in method get of dict object at 0xfa693c5eb000&gt;('ENABLE_VISION_LLM_FOR_PDF_IMAGES')&#10; +    where &lt;built-in method get of dict object at 0xfa693c5eb000&gt; = {'ENABLE_ADVANCED_OCR': True, 'ENABLE_ANALYTICS_DASHBOARD': True, 'ENABLE_AUDIT_LOG': True, 'ENABLE_BACKGROUND_INGESTION': True, ...}.get&#10; +      where {'ENABLE_ADVANCED_OCR': True, 'ENABLE_ANALYTICS_DASHBOARD': True, 'ENABLE_AUDIT_LOG': True, 'ENABLE_BACKGROUND_INGESTION': True, ...} = json()&#10; +        where json = &lt;Response [200]&gt;.json">tests/test_new_features.py:226: in test_flag_default_false
    assert r.json().get("ENABLE_VISION_LLM_FOR_PDF_IMAGES") is False
E   AssertionError: assert True is False
E    +  where True = &lt;built-in method get of dict object at 0xfa693c5eb000&gt;('ENABLE_VISION_LLM_FOR_PDF_IMAGES')
E    +    where &lt;built-in method get of dict object at 0xfa693c5eb000&gt; = {'ENABLE_ADVANCED_OCR': True, 'ENABLE_ANALYTICS_DASHBOARD': True, 'ENABLE_AUDIT_LOG': True, 'ENABLE_BACKGROUND_INGESTION': True, ...}.get
E    +      where {'ENABLE_ADVANCED_OCR': True, 'ENABLE_ANALYTICS_DASHBOARD': True, 'ENABLE_AUDIT_LOG': True, 'ENABLE_BACKGROUND_INGESTION': True, ...} = json()
E    +        where json = &lt;Response [200]&gt;.json</failure></testcase><testcase classname="tests.test_new_features.TestVisionFlagGating" name="test_flag_toggle_on_then_off" time="0.827" /><testcase classname="tests.test_new_features.TestVisionFlagGating" name="test_pdf_upload_with_flag_off_does_not_invoke_vision" time="0.118"><skipped type="pytest.skip" message="reportlab unavailable">/app/backend/tests/test_new_features.py:258: reportlab unavailable</skipped></testcase></testsuite></testsuites>